\BOOKMARK [1][-]{section.1}{\376\377\176\352\213\272}{}% 1
\BOOKMARK [2][-]{subsection.1.1}{\376\377\200\314\146\157\123\312\166\356\166\204}{section.1}% 2
\BOOKMARK [2][-]{subsection.1.2}{\376\377\126\375\121\205\131\026\166\370\121\163\170\024\172\166}{section.1}% 3
\BOOKMARK [2][-]{subsection.1.3}{\376\377\225\356\230\230\166\204\143\320\121\372}{section.1}% 4
\BOOKMARK [2][-]{subsection.1.4}{\376\377\213\272\145\207\147\204\142\020}{section.1}% 5
\BOOKMARK [1][-]{section.2}{\376\377\117\060\213\241\164\006\213\272}{}% 6
\BOOKMARK [2][-]{subsection.2.1}{\376\377\123\302\145\160\166\204\160\271\117\060\213\241}{section.2}% 7
\BOOKMARK [3][-]{subsubsection.2.1.1}{\376\377\127\372\147\054\151\202\137\365}{subsection.2.1}% 8
\BOOKMARK [3][-]{subsubsection.2.1.2}{\376\377\230\221\163\207\146\377\143\142\154\325}{subsection.2.1}% 9
\BOOKMARK [3][-]{subsubsection.2.1.3}{\376\377\167\351\117\060\213\241\154\325}{subsection.2.1}% 10
\BOOKMARK [3][-]{subsubsection.2.1.4}{\376\377\147\201\131\047\117\074\161\066\117\060\213\241\154\325}{subsection.2.1}% 11
\BOOKMARK [2][-]{subsection.2.2}{\376\377\117\341\140\157\116\015\173\111\137\017}{section.2}% 12
\BOOKMARK [2][-]{subsection.2.3}{\376\377\166\370\124\010\117\060\213\241}{section.2}% 13
\BOOKMARK [2][-]{subsection.2.4}{\376\377\123\072\225\364\117\060\213\241}{section.2}% 14
\BOOKMARK [1][-]{section.3}{\376\377\176\323\147\204\116\016\155\101\172\013}{}% 15
\BOOKMARK [1][-]{section.4}{\376\377\213\276\213\241\116\016\133\236\163\260}{}% 16
\BOOKMARK [1][-]{section.5}{\376\377\140\047\200\375\155\113\213\325}{}% 17
\BOOKMARK [1][-]{section*.2}{\376\377\176\323\213\272}{}% 18
\BOOKMARK [1][-]{section*.3}{\376\377\201\364\214\042}{}% 19
\BOOKMARK [1][-]{section*.4}{\376\377\123\302\200\003\145\207\163\056}{}% 20
\BOOKMARK [1][-]{appendix.A}{\376\377\000\130\000\130\000\130\000\040\156\220\170\001\173\200\116\313}{}% 21
\BOOKMARK [1][-]{appendix.B}{\376\377\000\130\000\130\000\130\000\040\121\163\225\056\145\160\143\156\176\323\147\204\156\220\170\001}{}% 22
\BOOKMARK [2][-]{subsection.B.1}{\376\377\000\143\000\157\000\156\000\156\000\145\000\143\000\164\000\157\000\162}{appendix.B}% 23
\BOOKMARK [1][-]{appendix.C}{\376\377\000\130\000\130\000\130\000\040\166\204\117\177\165\050}{}% 24
\BOOKMARK [2][-]{subsection.C.1}{\376\377\177\026\213\321}{appendix.C}% 25
