This is pdfTeX, Version 3.1415926-1.40.11 (MiKTeX 2.9) (preloaded format=latex 2013.10.3)  15 OCT 2013 21:58
entering extended mode
**paper.tex
(D:\杨文静\1-学位研究\10-课程学习\数理统计\数理统计笔记\paper.tex
LaTeX2e <2009/09/24>
Babel <v3.8l> and hyphenation patterns for loaded.
(D:\杨文静\1-学位研究\10-课程学习\数理统计\数理统计笔记\BUAApaper.cls
Document Class: BUAApaper 2006/03/19 V0.1 by WangNan
(D:\CTEX\CTeX\tex\latex\ctex\ctexart.cls
Document Class: ctexart 2010/10/17 v1.02 ctexart document class
(D:\CTEX\CTeX\tex\latex\ctex\opt\ctex-common-opts.def)
(D:\CTEX\CTeX\tex\latex\ctex\opt\ctex-caption-opts.def
\c@CTEX@sectiondepth=\count79
)
(D:\CTEX\CTeX\tex\latex\ctex\opt\ctex-class-opts.def)
(D:\CTEX\CTeX\tex\latex\ctex\cfg\ctexopts.cfg)
(D:\CTEX\CTeX\tex\latex\ctex\def\ctex-loadclass.def
(D:\CTEX\MiKTeX\tex\latex\base\article.cls
Document Class: article 2007/10/19 v1.4h Standard LaTeX document class
(D:\CTEX\MiKTeX\tex\latex\base\size12.clo
File: size12.clo 2007/10/19 v1.4h Standard LaTeX file (size option)
)
\c@part=\count80
\c@section=\count81
\c@subsection=\count82
\c@subsubsection=\count83
\c@paragraph=\count84
\c@subparagraph=\count85
\c@figure=\count86
\c@table=\count87
\abovecaptionskip=\skip41
\belowcaptionskip=\skip42
\bibindent=\dimen102
))
(D:\CTEX\CTeX\tex\latex\ctex\def\ctex-common.def
(D:\CTEX\MiKTeX\tex\generic\oberdiek\ifpdf.sty
Package: ifpdf 2010/01/28 v2.1 Provides the ifpdf switch (HO)
Package ifpdf Info: pdfTeX in pdf mode not detected.
)
(D:\CTEX\MiKTeX\tex\generic\ifxetex\ifxetex.sty
Package: ifxetex 2010/09/12 v0.6 Provides ifxetex conditional
)
(D:\CTEX\MiKTeX\tex\latex\graphics\keyval.sty
Package: keyval 1999/03/16 v1.13 key=value parser (DPC)
\KV@toks@=\toks14
)
(D:\CTEX\MiKTeX\tex\latex\tools\indentfirst.sty
Package: indentfirst 1995/11/23 v1.03 Indent first paragraph (DPC)
)
(D:\CTEX\MiKTeX\tex\latex\base\fix-cm.sty
Package: fix-cm 2006/09/13 v1.1m fixes to LaTeX

(D:\CTEX\MiKTeX\tex\latex\base\ts1enc.def
File: ts1enc.def 2001/06/05 v3.0e (jk/car/fm) Standard LaTeX file
))
(D:\CTEX\MiKTeX\tex\latex\fancyhdr\fancyhdr.sty
\fancy@headwidth=\skip43
\f@ncyO@elh=\skip44
\f@ncyO@erh=\skip45
\f@ncyO@olh=\skip46
\f@ncyO@orh=\skip47
\f@ncyO@elf=\skip48
\f@ncyO@erf=\skip49
\f@ncyO@olf=\skip50
\f@ncyO@orf=\skip51
)
(D:\CTEX\CTeX\tex\latex\ctex\engine\ctex-cjk-engine.def
(D:\CTEX\MiKTeX\tex\latex\cjk\CJK.sty
Package: CJK 2008/12/29 4.8.2

(D:\CTEX\MiKTeX\tex\latex\cjk\mule\MULEenc.sty
Package: MULEenc 2008/12/29 4.8.2
)
(D:\CTEX\MiKTeX\tex\latex\cjk\CJK.enc
File: CJK.enc 2008/12/29 4.8.2
)
LaTeX Info: Redefining \selectfont on input line 756.
\CJK@indent=\box26
)
(D:\CTEX\CTeX\tex\latex\CJKpunct\CJKpunct.sty
Package: CJKpunct 2010/02/21 4.8.2-2
\CJKpunct@cnta=\count88
\CJKpunct@cntb=\count89
\CJKpunct@cntc=\count90
\CJKpunct@cntd=\count91
\CJKpunct@cnte=\count92

(D:\CTEX\CTeX\tex\latex\CJKpunct\CJKpunct.spa))
(D:\CTEX\CTeX\tex\latex\ctex\engine\ctex-cjk-common.def
(D:\CTEX\MiKTeX\tex\latex\cjk\CJKfntef.sty
Package: CJKfntef 2008/12/29 4.8.2

(D:\CTEX\MiKTeX\tex\latex\cjk\CJKulem.sty
Package: CJKulem 2008/12/29 4.8.2

(D:\CTEX\MiKTeX\tex\latex\ulem\ulem.sty
\UL@box=\box27
\UL@hyphenbox=\box28
\UL@skip=\skip52
\UL@hook=\toks15
\UL@pe=\count93
\UL@pixel=\dimen103
\ULC@box=\box29
Package: ulem 2010/10/03
\ULdepth=\dimen104
)
\UL@lastkern=\dimen105
\CJK@skip=\skip53
)
\CJK@fntefSkip=\skip54
\CJK@nest=\count94
\CJK@fntefDimen=\dimen106
\CJK@underdotBox=\box30
\CJK@ULbox=\box31
)
\ccwd=\dimen107
)
(D:\CTEX\CTeX\tex\latex\ctex\fontset\ctex-cjk-winfonts.def
(D:\CTEX\CTeX\tex\generic\zhmetrics\zhwinfonts.tex
(D:\CTEX\MiKTeX\tex\generic\oberdiek\ifpdf.sty
Package ifpdf Info: The package is already loaded, stopped on input line 58.
))))
\CTEX@q=\count95
\CTEX@r=\count96
)
(D:\CTEX\CTeX\tex\latex\ctex\def\ctex-caption.def)
(D:\CTEX\CTeX\tex\latex\ctex\def\ctex-class.def)
(D:\CTEX\CTeX\tex\latex\ctex\def\ctex-article.def))
(D:\CTEX\CTeX\tex\latex\ctex\def\ctex-gbk.def)
(D:\CTEX\CTeX\tex\latex\ctex\cfg\ctexcap.cfg
(D:\CTEX\CTeX\tex\latex\ctex\cfg\ctexcap-gbk.cfg))
(D:\CTEX\CTeX\tex\latex\ctex\cfg\ctex.cfg)
(D:\CTEX\MiKTeX\tex\latex\psnfss\times.sty
Package: times 2005/04/12 PSNFSS-v9.2a (SPQR) 
)
(D:\CTEX\MiKTeX\tex\latex\booktabs\booktabs.sty
Package: booktabs 2005/04/14 v1.61803 publication quality tables
\heavyrulewidth=\dimen108
\lightrulewidth=\dimen109
\cmidrulewidth=\dimen110
\belowrulesep=\dimen111
\belowbottomsep=\dimen112
\aboverulesep=\dimen113
\abovetopsep=\dimen114
\cmidrulesep=\dimen115
\cmidrulekern=\dimen116
\defaultaddspace=\dimen117
\@cmidla=\count97
\@cmidlb=\count98
\@aboverulesep=\dimen118
\@belowrulesep=\dimen119
\@thisruleclass=\count99
\@lastruleclass=\count100
\@thisrulewidth=\dimen120
)
(D:\CTEX\MiKTeX\tex\latex\natbib\natbib.sty
Package: natbib 2009/11/07 8.31a (PWD, AO)
\bibhang=\skip55
\bibsep=\skip56
LaTeX Info: Redefining \cite on input line 694.
\c@NAT@ctr=\count101
)

! LaTeX Error: File `hypernat.sty' not found.

Type X to quit or <RETURN> to proceed,
or enter new name. (Default extension: sty)

Enter file name: 
(D:\CTEX\MiKTeX\tex\latex\graphics\graphicx.sty
Package: graphicx 1999/02/16 v1.0f Enhanced LaTeX Graphics (DPC,SPQR)

(D:\CTEX\MiKTeX\tex\latex\graphics\graphics.sty
Package: graphics 2009/02/05 v1.0o Standard LaTeX Graphics (DPC,SPQR)

(D:\CTEX\MiKTeX\tex\latex\graphics\trig.sty
Package: trig 1999/03/16 v1.09 sin cos tan (DPC)
)
(D:\CTEX\MiKTeX\tex\latex\00miktex\graphics.cfg
File: graphics.cfg 2007/01/18 v1.5 graphics configuration of teTeX/TeXLive
)
Package graphics Info: Driver file: dvipdfm.def on input line 91.

(D:\CTEX\MiKTeX\tex\latex\00miktex\dvipdfm.def
File: dvipdfm.def 1999/9/6 vx.x Driver-dependant file
))
\Gin@req@height=\dimen121
\Gin@req@width=\dimen122
)
(D:\CTEX\MiKTeX\tex\latex\hyperref\hyperref.sty
Package: hyperref 2010/11/26 v6.81v Hypertext links for LaTeX

(D:\CTEX\MiKTeX\tex\generic\oberdiek\ltxcmds.sty
Package: ltxcmds 2010/04/26 v1.7 LaTeX kernel commands for general use (HO)
)
(D:\CTEX\MiKTeX\tex\generic\oberdiek\pdftexcmds.sty
Package: pdftexcmds 2010/04/01 v0.9 Utility functions of pdfTeX for LuaTeX (HO)


(D:\CTEX\MiKTeX\tex\generic\oberdiek\infwarerr.sty
Package: infwarerr 2010/04/08 v1.3 Providing info/warning/message (HO)
)
(D:\CTEX\MiKTeX\tex\generic\oberdiek\ifluatex.sty
Package: ifluatex 2010/03/01 v1.3 Provides the ifluatex switch (HO)
Package ifluatex Info: LuaTeX not detected.
)
Package pdftexcmds Info: LuaTeX not detected.
Package pdftexcmds Info: \pdf@primitive is available.
Package pdftexcmds Info: \pdf@ifprimitive is available.
)
(D:\CTEX\MiKTeX\tex\generic\oberdiek\kvsetkeys.sty
Package: kvsetkeys 2010/03/01 v1.9 Key value parser (HO)

(D:\CTEX\MiKTeX\tex\generic\oberdiek\etexcmds.sty
Package: etexcmds 2010/01/28 v1.3 Prefix for e-TeX command names (HO)
Package etexcmds Info: Could not find \expanded.
(etexcmds)             That can mean that you are not using pdfTeX 1.50 or
(etexcmds)             that some package has redefined \expanded.
(etexcmds)             In the latter case, load this package earlier.
))
(D:\CTEX\MiKTeX\tex\generic\oberdiek\pdfescape.sty
Package: pdfescape 2010/03/01 v1.9 Provides hex, PDF name and string conversion
s (HO)
)
(D:\CTEX\MiKTeX\tex\generic\oberdiek\ifvtex.sty
Package: ifvtex 2010/03/01 v1.5 Switches for detecting VTeX and its modes (HO)
Package ifvtex Info: VTeX not detected.
)
(D:\CTEX\MiKTeX\tex\latex\oberdiek\hycolor.sty
Package: hycolor 2009/12/12 v1.6 Color options of hyperref/bookmark (HO)

(D:\CTEX\MiKTeX\tex\latex\oberdiek\xcolor-patch.sty
Package: xcolor-patch 2009/12/12 xcolor patch
))
(D:\CTEX\MiKTeX\tex\latex\oberdiek\letltxmacro.sty
Package: letltxmacro 2008/06/24 v1.3 Let assignment for LaTeX macros (HO)
)
(D:\CTEX\MiKTeX\tex\latex\oberdiek\kvoptions.sty
Package: kvoptions 2010/02/22 v3.7 Keyval support for LaTeX options (HO)
)
\@linkdim=\dimen123
\Hy@linkcounter=\count102
\Hy@pagecounter=\count103

(D:\CTEX\MiKTeX\tex\latex\hyperref\pd1enc.def
File: pd1enc.def 2010/11/26 v6.81v Hyperref: PDFDocEncoding definition (HO)
)
(D:\CTEX\MiKTeX\tex\generic\oberdiek\intcalc.sty
Package: intcalc 2007/09/27 v1.1 Expandable integer calculations (HO)
)
\Hy@SavedSpaceFactor=\count104

(D:\CTEX\MiKTeX\tex\latex\00miktex\hyperref.cfg
File: hyperref.cfg 2002/06/06 v1.2 hyperref configuration of TeXLive
)
Package hyperref Info: Option `hyperindex' set `true' on input line 3889.
Package hyperref Info: Option `colorlinks' set `true' on input line 3889.
Package hyperref Info: Option `CJKbookmarks' set `true' on input line 3889.
Package hyperref Info: Hyper figures OFF on input line 3993.
Package hyperref Info: Link nesting OFF on input line 3998.
Package hyperref Info: Hyper index ON on input line 4001.
Package hyperref Info: Plain pages OFF on input line 4008.
Package hyperref Info: Backreferencing OFF on input line 4013.
Package hyperref Info: Implicit mode ON; LaTeX internals redefined.
Package hyperref Info: Bookmarks ON on input line 4228.
\c@Hy@tempcnt=\count105

(D:\CTEX\MiKTeX\tex\latex\ltxmisc\url.sty
\Urlmuskip=\muskip10
Package: url 2006/04/12  ver 3.3  Verb mode for urls, etc.
)
LaTeX Info: Redefining \url on input line 4583.

(D:\CTEX\MiKTeX\tex\generic\oberdiek\bitset.sty
Package: bitset 2007/09/28 v1.0 Data type bit set (HO)

(D:\CTEX\MiKTeX\tex\generic\oberdiek\bigintcalc.sty
Package: bigintcalc 2007/11/11 v1.1 Expandable big integer calculations (HO)
))
\Fld@menulength=\count106
\Field@Width=\dimen124
\Fld@charsize=\dimen125
Package hyperref Info: Hyper figures OFF on input line 5667.
Package hyperref Info: Link nesting OFF on input line 5672.
Package hyperref Info: Hyper index ON on input line 5675.
Package hyperref Info: backreferencing OFF on input line 5682.
Package hyperref Info: Link coloring ON on input line 5685.
Package hyperref Info: Link coloring with OCG OFF on input line 5692.
Package hyperref Info: PDF/A mode OFF on input line 5697.
LaTeX Info: Redefining \ref on input line 5737.
LaTeX Info: Redefining \pageref on input line 5741.

(D:\CTEX\MiKTeX\tex\generic\oberdiek\atbegshi.sty
Package: atbegshi 2010/03/25 v1.12 At begin shipout hook (HO)
)
\Hy@abspage=\count107
\c@Item=\count108
\c@Hfootnote=\count109
)

Package hyperref Message: Driver: hdvipdfm.

(D:\CTEX\MiKTeX\tex\latex\hyperref\hdvipdfm.def
File: hdvipdfm.def 2010/11/26 v6.81v Hyperref driver for dvipdfm
\pdfm@box=\box32
\c@Hy@AnnotLevel=\count110
\HyField@AnnotCount=\count111
\Fld@listcount=\count112
\c@bookmark@seq@number=\count113

(D:\CTEX\MiKTeX\tex\latex\oberdiek\rerunfilecheck.sty
Package: rerunfilecheck 2010/03/16 v1.6 Rerun checks for auxiliary files (HO)

(D:\CTEX\MiKTeX\tex\latex\oberdiek\atveryend.sty
Package: atveryend 2010/03/24 v1.5 Hooks at very end of document (HO)
Package atveryend Info: \enddocument detected (standard).
)
(D:\CTEX\MiKTeX\tex\generic\oberdiek\uniquecounter.sty
Package: uniquecounter 2009/12/18 v1.1 Provides unlimited unique counter (HO)
)
Package uniquecounter Info: New unique counter `rerunfilecheck' on input line 2
71.
)
\Hy@SectionHShift=\skip57
)
(D:\CTEX\MiKTeX\tex\latex\tools\calc.sty
Package: calc 2007/08/22 v4.3 Infix arithmetic (KKT,FJ)
\calc@Acount=\count114
\calc@Bcount=\count115
\calc@Adimen=\dimen126
\calc@Bdimen=\dimen127
\calc@Askip=\skip58
\calc@Bskip=\skip59
LaTeX Info: Redefining \setlength on input line 76.
LaTeX Info: Redefining \addtolength on input line 77.
\calc@Ccount=\count116
\calc@Cskip=\skip60
)
(D:\CTEX\MiKTeX\tex\latex\base\ifthen.sty
Package: ifthen 2001/05/26 v1.1c Standard LaTeX ifthen package (DPC)
)
\lengthA=\skip61
\lengthB=\skip62
\lengthC=\skip63
\buaamark=\box33
File: graphics/buaamark.eps Graphic file (type eps)
 <graphics/buaamark.eps>
\c@tmp=\count117
\c@fend=\count118
\c@displaypage=\count119
\symEUEX=\mathgroup4
\symeuexlargesymbols=\mathgroup5
LaTeX Font Info:    Redeclaring math symbol \intop on input line 177.
\symeuexsymbols=\mathgroup6
LaTeX Font Info:    Redeclaring math symbol \smallint on input line 181.
)
(D:\杨文静\1-学位研究\10-课程学习\数理统计\数理统计笔记\paper_preamble.tex
(D:\CTEX\MiKTeX\tex\latex\base\shortvrb.sty
Package: shortvrb 2006/02/02 v2.1d Standard LaTeX documentation package (FMi)
)
(D:\CTEX\MiKTeX\tex\latex\pgf\basiclayer\pgf.sty
(D:\CTEX\MiKTeX\tex\latex\pgf\utilities\pgfrcs.sty
(D:\CTEX\MiKTeX\tex\generic\pgf\utilities\pgfutil-common.tex
\pgfutil@everybye=\toks16
)
(D:\CTEX\MiKTeX\tex\generic\pgf\utilities\pgfutil-latex.def
\pgfutil@abb=\box34

(D:\CTEX\MiKTeX\tex\latex\ms\everyshi.sty
Package: everyshi 2001/05/15 v3.00 EveryShipout Package (MS)
))
(D:\CTEX\MiKTeX\tex\generic\pgf\utilities\pgfrcs.code.tex
Package: pgfrcs 2010/10/25 v2.10 (rcs-revision 1.24)
))
Package: pgf 2008/01/15 v2.10 (rcs-revision 1.12)

(D:\CTEX\MiKTeX\tex\latex\pgf\basiclayer\pgfcore.sty
(D:\CTEX\MiKTeX\tex\latex\pgf\systemlayer\pgfsys.sty
(D:\CTEX\MiKTeX\tex\generic\pgf\systemlayer\pgfsys.code.tex
Package: pgfsys 2010/06/30 v2.10 (rcs-revision 1.37)

(D:\CTEX\MiKTeX\tex\generic\pgf\utilities\pgfkeys.code.tex
\pgfkeys@pathtoks=\toks17
\pgfkeys@temptoks=\toks18

(D:\CTEX\MiKTeX\tex\generic\pgf\utilities\pgfkeysfiltered.code.tex
\pgfkeys@tmptoks=\toks19
))
\pgf@x=\dimen128
\pgf@y=\dimen129
\pgf@xa=\dimen130
\pgf@ya=\dimen131
\pgf@xb=\dimen132
\pgf@yb=\dimen133
\pgf@xc=\dimen134
\pgf@yc=\dimen135
\w@pgf@writea=\write3
\r@pgf@reada=\read1
\c@pgf@counta=\count120
\c@pgf@countb=\count121
\c@pgf@countc=\count122
\c@pgf@countd=\count123

(D:\CTEX\MiKTeX\tex\generic\pgf\systemlayer\pgf.cfg
File: pgf.cfg 2008/05/14  (rcs-revision 1.7)
)
Package pgfsys Info: Driver file for pgf: pgfsys-dvipdfm.def on input line 900.


(D:\CTEX\MiKTeX\tex\generic\pgf\systemlayer\pgfsys-dvipdfm.def
File: pgfsys-dvipdfm.def 2008/05/14  (rcs-revision 1.19)

(D:\CTEX\MiKTeX\tex\generic\pgf\systemlayer\pgfsys-common-pdf.def
File: pgfsys-common-pdf.def 2008/05/19  (rcs-revision 1.10)
)
(D:\CTEX\MiKTeX\tex\generic\pgf\systemlayer\pgfsys-common-pdf-via-dvi.def
File: pgfsys-common-pdf-via-dvi.def 2008/05/19  (rcs-revision 1.7)
)))
(D:\CTEX\MiKTeX\tex\generic\pgf\systemlayer\pgfsyssoftpath.code.tex
File: pgfsyssoftpath.code.tex 2008/07/18  (rcs-revision 1.7)
\pgfsyssoftpath@smallbuffer@items=\count124
\pgfsyssoftpath@bigbuffer@items=\count125
)
(D:\CTEX\MiKTeX\tex\generic\pgf\systemlayer\pgfsysprotocol.code.tex
File: pgfsysprotocol.code.tex 2006/10/16  (rcs-revision 1.4)
))
(D:\CTEX\MiKTeX\tex\latex\xcolor\xcolor.sty
Package: xcolor 2007/01/21 v2.11 LaTeX color extensions (UK)

(D:\CTEX\MiKTeX\tex\latex\00miktex\color.cfg
File: color.cfg 2007/01/18 v1.5 color configuration of teTeX/TeXLive
)
Package xcolor Info: Driver file: dvipdfm.def on input line 225.
Package xcolor Info: Model `cmy' substituted by `cmy0' on input line 1337.
Package xcolor Info: Model `hsb' substituted by `rgb' on input line 1341.
Package xcolor Info: Model `RGB' extended on input line 1353.
Package xcolor Info: Model `HTML' substituted by `rgb' on input line 1355.
Package xcolor Info: Model `Hsb' substituted by `hsb' on input line 1356.
Package xcolor Info: Model `tHsb' substituted by `hsb' on input line 1357.
Package xcolor Info: Model `HSB' substituted by `hsb' on input line 1358.
Package xcolor Info: Model `Gray' substituted by `gray' on input line 1359.
Package xcolor Info: Model `wave' substituted by `hsb' on input line 1360.
)
(D:\CTEX\MiKTeX\tex\generic\pgf\basiclayer\pgfcore.code.tex
Package: pgfcore 2010/04/11 v2.10 (rcs-revision 1.7)

(D:\CTEX\MiKTeX\tex\generic\pgf\math\pgfmath.code.tex
(D:\CTEX\MiKTeX\tex\generic\pgf\math\pgfmathcalc.code.tex
(D:\CTEX\MiKTeX\tex\generic\pgf\math\pgfmathutil.code.tex)
(D:\CTEX\MiKTeX\tex\generic\pgf\math\pgfmathparser.code.tex
\pgfmath@dimen=\dimen136
\pgfmath@count=\count126
\pgfmath@box=\box35
\pgfmath@toks=\toks20
\pgfmath@stack@operand=\toks21
\pgfmath@stack@operation=\toks22
)
(D:\CTEX\MiKTeX\tex\generic\pgf\math\pgfmathfunctions.code.tex
(D:\CTEX\MiKTeX\tex\generic\pgf\math\pgfmathfunctions.basic.code.tex)
(D:\CTEX\MiKTeX\tex\generic\pgf\math\pgfmathfunctions.trigonometric.code.tex)
(D:\CTEX\MiKTeX\tex\generic\pgf\math\pgfmathfunctions.random.code.tex)
(D:\CTEX\MiKTeX\tex\generic\pgf\math\pgfmathfunctions.comparison.code.tex)
(D:\CTEX\MiKTeX\tex\generic\pgf\math\pgfmathfunctions.base.code.tex)
(D:\CTEX\MiKTeX\tex\generic\pgf\math\pgfmathfunctions.round.code.tex)
(D:\CTEX\MiKTeX\tex\generic\pgf\math\pgfmathfunctions.misc.code.tex)))
(D:\CTEX\MiKTeX\tex\generic\pgf\math\pgfmathfloat.code.tex
\c@pgfmathroundto@lastzeros=\count127
))
(D:\CTEX\MiKTeX\tex\generic\pgf\basiclayer\pgfcorepoints.code.tex
File: pgfcorepoints.code.tex 2010/04/09  (rcs-revision 1.20)
\pgf@picminx=\dimen137
\pgf@picmaxx=\dimen138
\pgf@picminy=\dimen139
\pgf@picmaxy=\dimen140
\pgf@pathminx=\dimen141
\pgf@pathmaxx=\dimen142
\pgf@pathminy=\dimen143
\pgf@pathmaxy=\dimen144
\pgf@xx=\dimen145
\pgf@xy=\dimen146
\pgf@yx=\dimen147
\pgf@yy=\dimen148
\pgf@zx=\dimen149
\pgf@zy=\dimen150
)
(D:\CTEX\MiKTeX\tex\generic\pgf\basiclayer\pgfcorepathconstruct.code.tex
File: pgfcorepathconstruct.code.tex 2010/08/03  (rcs-revision 1.24)
\pgf@path@lastx=\dimen151
\pgf@path@lasty=\dimen152
)
(D:\CTEX\MiKTeX\tex\generic\pgf\basiclayer\pgfcorepathusage.code.tex
File: pgfcorepathusage.code.tex 2008/04/22  (rcs-revision 1.12)
\pgf@shorten@end@additional=\dimen153
\pgf@shorten@start@additional=\dimen154
)
(D:\CTEX\MiKTeX\tex\generic\pgf\basiclayer\pgfcorescopes.code.tex
File: pgfcorescopes.code.tex 2010/09/08  (rcs-revision 1.34)
\pgfpic=\box36
\pgf@hbox=\box37
\pgf@layerbox@main=\box38
\pgf@picture@serial@count=\count128
)
(D:\CTEX\MiKTeX\tex\generic\pgf\basiclayer\pgfcoregraphicstate.code.tex
File: pgfcoregraphicstate.code.tex 2008/04/22  (rcs-revision 1.9)
\pgflinewidth=\dimen155
)
(D:\CTEX\MiKTeX\tex\generic\pgf\basiclayer\pgfcoretransformations.code.tex
File: pgfcoretransformations.code.tex 2009/06/10  (rcs-revision 1.11)
\pgf@pt@x=\dimen156
\pgf@pt@y=\dimen157
\pgf@pt@temp=\dimen158
)
(D:\CTEX\MiKTeX\tex\generic\pgf\basiclayer\pgfcorequick.code.tex
File: pgfcorequick.code.tex 2008/10/09  (rcs-revision 1.3)
)
(D:\CTEX\MiKTeX\tex\generic\pgf\basiclayer\pgfcoreobjects.code.tex
File: pgfcoreobjects.code.tex 2006/10/11  (rcs-revision 1.2)
)
(D:\CTEX\MiKTeX\tex\generic\pgf\basiclayer\pgfcorepathprocessing.code.tex
File: pgfcorepathprocessing.code.tex 2008/10/09  (rcs-revision 1.8)
)
(D:\CTEX\MiKTeX\tex\generic\pgf\basiclayer\pgfcorearrows.code.tex
File: pgfcorearrows.code.tex 2008/04/23  (rcs-revision 1.11)
)
(D:\CTEX\MiKTeX\tex\generic\pgf\basiclayer\pgfcoreshade.code.tex
File: pgfcoreshade.code.tex 2008/11/23  (rcs-revision 1.13)
\pgf@max=\dimen159
\pgf@sys@shading@range@num=\count129
)
(D:\CTEX\MiKTeX\tex\generic\pgf\basiclayer\pgfcoreimage.code.tex
File: pgfcoreimage.code.tex 2010/03/25  (rcs-revision 1.16)

(D:\CTEX\MiKTeX\tex\generic\pgf\basiclayer\pgfcoreexternal.code.tex
File: pgfcoreexternal.code.tex 2010/09/01  (rcs-revision 1.17)
\pgfexternal@startupbox=\box39
))
(D:\CTEX\MiKTeX\tex\generic\pgf\basiclayer\pgfcorelayers.code.tex
File: pgfcorelayers.code.tex 2010/08/27  (rcs-revision 1.2)
)
(D:\CTEX\MiKTeX\tex\generic\pgf\basiclayer\pgfcoretransparency.code.tex
File: pgfcoretransparency.code.tex 2008/01/17  (rcs-revision 1.2)
)
(D:\CTEX\MiKTeX\tex\generic\pgf\basiclayer\pgfcorepatterns.code.tex
File: pgfcorepatterns.code.tex 2009/07/02  (rcs-revision 1.3)
)))
(D:\CTEX\MiKTeX\tex\generic\pgf\modules\pgfmoduleshapes.code.tex
File: pgfmoduleshapes.code.tex 2010/09/09  (rcs-revision 1.13)
\pgfnodeparttextbox=\box40
)
(D:\CTEX\MiKTeX\tex\generic\pgf\modules\pgfmoduleplot.code.tex
File: pgfmoduleplot.code.tex 2010/10/22  (rcs-revision 1.8)
)
(D:\CTEX\MiKTeX\tex\latex\pgf\compatibility\pgfcomp-version-0-65.sty
Package: pgfcomp-version-0-65 2007/07/03 v2.10 (rcs-revision 1.7)
\pgf@nodesepstart=\dimen160
\pgf@nodesepend=\dimen161
)
(D:\CTEX\MiKTeX\tex\latex\pgf\compatibility\pgfcomp-version-1-18.sty
Package: pgfcomp-version-1-18 2007/07/23 v2.10 (rcs-revision 1.1)
))
(D:\CTEX\MiKTeX\tex\latex\pgf\frontendlayer\tikz.sty
(D:\CTEX\MiKTeX\tex\latex\pgf\utilities\pgffor.sty
(D:\CTEX\MiKTeX\tex\latex\pgf\utilities\pgfkeys.sty
(D:\CTEX\MiKTeX\tex\generic\pgf\utilities\pgfkeys.code.tex))
(D:\CTEX\MiKTeX\tex\generic\pgf\utilities\pgffor.code.tex
Package: pgffor 2010/03/23 v2.10 (rcs-revision 1.18)
\pgffor@iter=\dimen162
\pgffor@skip=\dimen163
\pgffor@stack=\toks23
\pgffor@toks=\toks24
))
(D:\CTEX\MiKTeX\tex\generic\pgf\frontendlayer\tikz\tikz.code.tex
Package: tikz 2010/10/13 v2.10 (rcs-revision 1.76)

(D:\CTEX\MiKTeX\tex\generic\pgf\libraries\pgflibraryplothandlers.code.tex
File: pgflibraryplothandlers.code.tex 2010/05/31 v2.10 (rcs-revision 1.15)
\pgf@plot@mark@count=\count130
\pgfplotmarksize=\dimen164
)
\tikz@lastx=\dimen165
\tikz@lasty=\dimen166
\tikz@lastxsaved=\dimen167
\tikz@lastysaved=\dimen168
\tikzleveldistance=\dimen169
\tikzsiblingdistance=\dimen170
\tikz@figbox=\box41
\tikz@tempbox=\box42
\tikztreelevel=\count131
\tikznumberofchildren=\count132
\tikznumberofcurrentchild=\count133
\tikz@fig@count=\count134

(D:\CTEX\MiKTeX\tex\generic\pgf\modules\pgfmodulematrix.code.tex
File: pgfmodulematrix.code.tex 2010/08/24  (rcs-revision 1.4)
\pgfmatrixcurrentrow=\count135
\pgfmatrixcurrentcolumn=\count136
\pgf@matrix@numberofcolumns=\count137
)
\tikz@expandcount=\count138

(D:\CTEX\MiKTeX\tex\generic\pgf\frontendlayer\tikz\libraries\tikzlibrarytopaths
.code.tex
File: tikzlibrarytopaths.code.tex 2008/06/17 v2.10 (rcs-revision 1.2)
))) (D:\CTEX\MiKTeX\tex\latex\pgf\compatibility\pgflibraryarrows.sty

Package pgf Warning: This package is obsolete. Use \usetikzlibrary {arrows} ins
tead on input line 10.

(D:\CTEX\MiKTeX\tex\generic\pgf\libraries\pgflibraryarrows.code.tex
File: pgflibraryarrows.code.tex 2008/10/27 v2.10 (rcs-revision 1.9)
\arrowsize=\dimen171
))
(D:\CTEX\MiKTeX\tex\latex\pgf\compatibility\pgflibraryshapes.sty

Package pgf Warning: This package is obsolete. Use \usetikzlibrary {shapes} ins
tead on input line 12.

(D:\CTEX\MiKTeX\tex\generic\pgf\libraries\shapes\pgflibraryshapes.code.tex
File: pgflibraryshapes.code.tex 2008/06/26 v2.10 (rcs-revision 1.1)

(D:\CTEX\MiKTeX\tex\generic\pgf\libraries\shapes\pgflibraryshapes.geometric.cod
e.tex
File: pgflibraryshapes.geometric.code.tex 2008/06/26 v2.10 (rcs-revision 1.1)
)
(D:\CTEX\MiKTeX\tex\generic\pgf\libraries\shapes\pgflibraryshapes.misc.code.tex
File: pgflibraryshapes.misc.code.tex 2008/10/07 v2.10 (rcs-revision 1.3)
)
(D:\CTEX\MiKTeX\tex\generic\pgf\libraries\shapes\pgflibraryshapes.symbols.code.
tex
File: pgflibraryshapes.symbols.code.tex 2009/10/27 v2.10 (rcs-revision 1.3)
))) (D:\CTEX\MiKTeX\tex\latex\listings\listings.sty
\lst@mode=\count139
\lst@gtempboxa=\box43
\lst@token=\toks25
\lst@length=\count140
\lst@currlwidth=\dimen172
\lst@column=\count141
\lst@pos=\count142
\lst@lostspace=\dimen173
\lst@width=\dimen174
\lst@newlines=\count143
\lst@lineno=\count144
\lst@maxwidth=\dimen175

(D:\CTEX\MiKTeX\tex\latex\listings\lstmisc.sty
File: lstmisc.sty 2007/02/22 1.4 (Carsten Heinz)
\c@lstnumber=\count145
\lst@skipnumbers=\count146
\lst@framebox=\box44
)
(D:\CTEX\MiKTeX\tex\latex\listings\listings.cfg
File: listings.cfg 2007/02/22 1.4 listings configuration
))
Package: listings 2007/02/22 1.4 (Carsten Heinz)

(D:\CTEX\MiKTeX\tex\latex\listings\lstlang1.sty
File: lstlang1.sty 2004/09/05 1.3 listings language file
)
(D:\CTEX\MiKTeX\tex\latex\listings\lstmisc.sty
File: lstmisc.sty 2007/02/22 1.4 (Carsten Heinz)
)
\pgfnodepartindexbox=\box45
\pgfnodepartaddressbox=\box46
\pgfnodepartcontentbox=\box47
\c@stepscounter=\count147
Package shortvrb Info: Made | a short reference for \verb on input line 273.
)
(D:\杨文静\1-学位研究\10-课程学习\数理统计\数理统计笔记\paper.aux
(D:\杨文静\1-学位研究\10-课程学习\数理统计\数理统计笔记\paper_cabstract.aux)
(D:\杨文静\1-学位研究\10-课程学习\数理统计\数理统计笔记\paper_eabstract.aux)
(D:\杨文静\1-学位研究\10-课程学习\数理统计\数理统计笔记\paper_section1.aux)
(D:\杨文静\1-学位研究\10-课程学习\数理统计\数理统计笔记\paper_section2.aux)
(D:\杨文静\1-学位研究\10-课程学习\数理统计\数理统计笔记\paper_section3.aux)
(D:\杨文静\1-学位研究\10-课程学习\数理统计\数理统计笔记\paper_section4.aux)
(D:\杨文静\1-学位研究\10-课程学习\数理统计\数理统计笔记\paper_section5.aux)
(D:\杨文静\1-学位研究\10-课程学习\数理统计\数理统计笔记\paper_section6.aux)
(D:\杨文静\1-学位研究\10-课程学习\数理统计\数理统计笔记\paper_appendixA.aux)
(D:\杨文静\1-学位研究\10-课程学习\数理统计\数理统计笔记\paper_appendixB.aux)
(D:\杨文静\1-学位研究\10-课程学习\数理统计\数理统计笔记\paper_appendixC.aux))
LaTeX Font Info:    Checking defaults for OML/cmm/m/it on input line 7.
LaTeX Font Info:    ... okay on input line 7.
LaTeX Font Info:    Checking defaults for T1/cmr/m/n on input line 7.
LaTeX Font Info:    ... okay on input line 7.
LaTeX Font Info:    Checking defaults for OT1/cmr/m/n on input line 7.
LaTeX Font Info:    ... okay on input line 7.
LaTeX Font Info:    Checking defaults for OMS/cmsy/m/n on input line 7.
LaTeX Font Info:    ... okay on input line 7.
LaTeX Font Info:    Checking defaults for OMX/cmex/m/n on input line 7.
LaTeX Font Info:    ... okay on input line 7.
LaTeX Font Info:    Checking defaults for U/cmr/m/n on input line 7.
LaTeX Font Info:    ... okay on input line 7.
LaTeX Font Info:    Checking defaults for TS1/cmr/m/n on input line 7.
LaTeX Font Info:    ... okay on input line 7.
LaTeX Font Info:    Checking defaults for C00/song/m/n on input line 7.
LaTeX Font Info:    ... okay on input line 7.
LaTeX Font Info:    Checking defaults for C05/song/m/n on input line 7.
LaTeX Font Info:    ... okay on input line 7.
LaTeX Font Info:    Checking defaults for C09/song/m/n on input line 7.
LaTeX Font Info:    ... okay on input line 7.
LaTeX Font Info:    Checking defaults for C10/song/m/n on input line 7.
LaTeX Font Info:    ... okay on input line 7.
LaTeX Font Info:    Checking defaults for C20/song/m/n on input line 7.
LaTeX Font Info:    ... okay on input line 7.
LaTeX Font Info:    Checking defaults for C19/song/m/n on input line 7.
LaTeX Font Info:    ... okay on input line 7.
LaTeX Font Info:    Checking defaults for C40/song/m/n on input line 7.
LaTeX Font Info:    ... okay on input line 7.
LaTeX Font Info:    Checking defaults for C42/song/m/n on input line 7.
LaTeX Font Info:    ... okay on input line 7.
LaTeX Font Info:    Checking defaults for C43/song/m/n on input line 7.
LaTeX Font Info:    ... okay on input line 7.
LaTeX Font Info:    Checking defaults for C50/song/m/n on input line 7.
LaTeX Font Info:    ... okay on input line 7.
LaTeX Font Info:    Checking defaults for C52/song/m/n on input line 7.
LaTeX Font Info:    ... okay on input line 7.
LaTeX Font Info:    Checking defaults for C49/song/m/n on input line 7.
LaTeX Font Info:    ... okay on input line 7.
LaTeX Font Info:    Checking defaults for C60/mj/m/n on input line 7.
LaTeX Font Info:    ... okay on input line 7.
LaTeX Font Info:    Checking defaults for C61/mj/m/n on input line 7.
LaTeX Font Info:    ... okay on input line 7.
LaTeX Font Info:    Checking defaults for C63/mj/m/n on input line 7.
LaTeX Font Info:    ... okay on input line 7.
LaTeX Font Info:    Checking defaults for C64/mj/m/n on input line 7.
LaTeX Font Info:    ... okay on input line 7.
LaTeX Font Info:    Checking defaults for C65/mj/m/n on input line 7.
LaTeX Font Info:    ... okay on input line 7.
LaTeX Font Info:    Checking defaults for C70/song/m/n on input line 7.
LaTeX Font Info:    ... okay on input line 7.
LaTeX Font Info:    Checking defaults for C31/song/m/n on input line 7.
LaTeX Font Info:    ... okay on input line 7.
LaTeX Font Info:    Checking defaults for C32/song/m/n on input line 7.
LaTeX Font Info:    ... okay on input line 7.
LaTeX Font Info:    Checking defaults for C33/song/m/n on input line 7.
LaTeX Font Info:    ... okay on input line 7.
LaTeX Font Info:    Checking defaults for C34/song/m/n on input line 7.
LaTeX Font Info:    ... okay on input line 7.
LaTeX Font Info:    Checking defaults for C35/song/m/n on input line 7.
LaTeX Font Info:    ... okay on input line 7.
LaTeX Font Info:    Checking defaults for C36/song/m/n on input line 7.
LaTeX Font Info:    ... okay on input line 7.
LaTeX Font Info:    Checking defaults for C37/song/m/n on input line 7.
LaTeX Font Info:    ... okay on input line 7.
LaTeX Font Info:    Checking defaults for C80/song/m/n on input line 7.
LaTeX Font Info:    ... okay on input line 7.
LaTeX Font Info:    Checking defaults for C81/song/m/n on input line 7.
LaTeX Font Info:    ... okay on input line 7.
LaTeX Font Info:    Checking defaults for C01/song/m/n on input line 7.
LaTeX Font Info:    ... okay on input line 7.
LaTeX Font Info:    Checking defaults for C11/song/m/n on input line 7.
LaTeX Font Info:    ... okay on input line 7.
LaTeX Font Info:    Checking defaults for C21/song/m/n on input line 7.
LaTeX Font Info:    ... okay on input line 7.
LaTeX Font Info:    Checking defaults for C41/song/m/n on input line 7.
LaTeX Font Info:    ... okay on input line 7.
LaTeX Font Info:    Checking defaults for C62/song/m/n on input line 7.
LaTeX Font Info:    ... okay on input line 7.
LaTeX Font Info:    Checking defaults for PD1/pdf/m/n on input line 7.
LaTeX Font Info:    ... okay on input line 7.
LaTeX Font Info:    Try loading font information for OT1+ptm on input line 7.

(D:\CTEX\MiKTeX\tex\latex\psnfss\ot1ptm.fd
File: ot1ptm.fd 2001/06/04 font definitions for OT1/ptm.
)
\AtBeginShipoutBox=\box48
Package hyperref Info: Link coloring ON on input line 7.

(D:\CTEX\MiKTeX\tex\latex\hyperref\nameref.sty
Package: nameref 2010/04/30 v2.40 Cross-referencing by name of section

(D:\CTEX\MiKTeX\tex\latex\oberdiek\refcount.sty
Package: refcount 2008/08/11 v3.1 Data extraction from references (HO)
)
(D:\CTEX\MiKTeX\tex\generic\oberdiek\gettitlestring.sty
Package: gettitlestring 2009/12/18 v1.3 Cleanup title references (HO)
)
\c@section@level=\count148
)
LaTeX Info: Redefining \ref on input line 7.
LaTeX Info: Redefining \pageref on input line 7.
LaTeX Info: Redefining \nameref on input line 7.

(D:\杨文静\1-学位研究\10-课程学习\数理统计\数理统计笔记\paper.out)
(D:\杨文静\1-学位研究\10-课程学习\数理统计\数理统计笔记\paper.out)
\@outlinefile=\write4

ABD: EveryShipout initializing macros
\c@lstlisting=\count149

(D:\CTEX\MiKTeX\tex\latex\cjk\standard.bdg
File: standard.bdg 2008/12/29 4.8.2
)
(D:\CTEX\MiKTeX\tex\latex\cjk\extended.enc
File: extended.enc 2008/12/29 4.8.2
)
(D:\CTEX\MiKTeX\tex\latex\cjk\extended.chr
File: extended.chr 2008/12/29 4.8.2
)
\test@width=\box49
LaTeX Font Info:    Font shape `OT1/ptm/bx/n' in size <12.05> not available
(Font)              Font shape `OT1/ptm/b/n' tried instead on input line 21.
LaTeX Font Info:    Font shape `OT1/ptm/bx/n' in size <10.54> not available
(Font)              Font shape `OT1/ptm/b/n' tried instead on input line 21.
LaTeX Font Info:    Try loading font information for C19+rm on input line 21.

(D:\CTEX\CTeX\tex\latex\ctex\fd\c19rm.fd
File: c19rm.fd 2007/05/06 v0.8a ctex font definition file
)
\width@rt=\skip64
\table@rt=\box50
LaTeX Font Info:    External font `cmex10' loaded for size
(Font)              <12.05> on input line 21.
LaTeX Font Info:    External font `cmex10' loaded for size
(Font)              <8> on input line 21.
LaTeX Font Info:    External font `cmex10' loaded for size
(Font)              <6> on input line 21.
LaTeX Font Info:    Try loading font information for U+euex on input line 21.

(D:\CTEX\MiKTeX\tex\latex\amsfonts\ueuex.fd
File: ueuex.fd 2009/06/22 v3.00 Euler extra symbols
)
\@title@pos=\skip65
\@center@title@box=\box51
LaTeX Font Info:    Font shape `OT1/ptm/bx/n' in size <22.08> not available
(Font)              Font shape `OT1/ptm/b/n' tried instead on input line 21.
\@tmp=\skip66
File: graphics/buaamark.eps Graphic file (type eps)
 <graphics/buaamark.eps>
File: graphics/buaaname.eps Graphic file (type eps)

<graphics/buaaname.eps>
LaTeX Font Info:    Font shape `OT1/ptm/bx/n' in size <36.14> not available
(Font)              Font shape `OT1/ptm/b/n' tried instead on input line 21.
\@tmp@strutbox=\box52
LaTeX Font Info:    Font shape `OT1/ptm/bx/n' in size <15.06> not available
(Font)              Font shape `OT1/ptm/b/n' tried instead on input line 21.
 [1

]
LaTeX Font Info:    Font shape `OT1/ptm/bx/n' in size <18.07> not available
(Font)              Font shape `OT1/ptm/b/n' tried instead on input line 31.
Package CJKpunct Info: punctuation spaces for family 'zhsong' do not exist. Use
 family 'def' instead. on input line 33.
LaTeX Font Info:    External font `cmex10' loaded for size
(Font)              <14.05> on input line 36.
LaTeX Font Info:    External font `cmex10' loaded for size
(Font)              <10.54> on input line 36.
LaTeX Font Info:    External font `cmex10' loaded for size
(Font)              <7.53> on input line 36.
 [1]
(D:\杨文静\1-学位研究\10-课程学习\数理统计\数理统计笔记\paper_cabstract.tex
LaTeX Font Info:    Font shape `OT1/ptm/bx/n' in size <16.06> not available
(Font)              Font shape `OT1/ptm/b/n' tried instead on input line 1.
LaTeX Font Info:    Font shape `OT1/ptm/bx/n' in size <14.05> not available
(Font)              Font shape `OT1/ptm/b/n' tried instead on input line 14.
Package CJKpunct Info: punctuation spaces for family 'zhhei' do not exist. Use 
family 'def' instead. on input line 14.
)
[2

] (D:\杨文静\1-学位研究\10-课程学习\数理统计\数理统计笔记\paper_eabstract.tex) 
[3


] (D:\杨文静\1-学位研究\10-课程学习\数理统计\数理统计笔记\paper.toc)
\tf@toc=\write5

[4

] (D:\杨文静\1-学位研究\10-课程学习\数理统计\数理统计笔记\paper_section1.tex

Package natbib Warning: Citation `sigsegv' on page 0 undefined on input line 9.


LaTeX Font Info:    Try loading font information for OT1+pcr on input line 10.
(D:\CTEX\MiKTeX\tex\latex\psnfss\ot1pcr.fd
File: ot1pcr.fd 2001/06/04 font definitions for OT1/pcr.
)
LaTeX Font Info:    Font shape `OT1/ptm/bx/n' in size <8> not available
(Font)              Font shape `OT1/ptm/b/n' tried instead on input line 11.


Package natbib Warning: Citation `idlemem' on page 0 undefined on input line 11
.


Package natbib Warning: Citation `Myrinet' on page 0 undefined on input line 11
.


Package natbib Warning: Citation `ulk3rd' on page 0 undefined on input line 11.


) [5

]
(D:\杨文静\1-学位研究\10-课程学习\数理统计\数理统计笔记\paper_section2.tex)
[6


] (D:\杨文静\1-学位研究\10-课程学习\数理统计\数理统计笔记\paper_section3.tex
(D:\杨文静\1-学位研究\10-课程学习\数理统计\数理统计笔记\figure_example3.tex))
[7


] (D:\杨文静\1-学位研究\10-课程学习\数理统计\数理统计笔记\paper_section4.tex) [
8


] (D:\杨文静\1-学位研究\10-课程学习\数理统计\数理统计笔记\paper_section5.tex) [
9


]
(D:\杨文静\1-学位研究\10-课程学习\数理统计\数理统计笔记\paper_section6.tex)
[10


] [11

] (D:\杨文静\1-学位研究\10-课程学习\数理统计\数理统计笔记\paper.bbl
[12] [13]) [14]
(D:\杨文静\1-学位研究\10-课程学习\数理统计\数理统计笔记\paper_appendixA.tex)
[15

]
(D:\杨文静\1-学位研究\10-课程学习\数理统计\数理统计笔记\paper_appendixB.tex
LaTeX Font Info:    Font shape `OT1/pcr/m/it' in size <10.54> not available
(Font)              Font shape `OT1/pcr/m/sl' tried instead on input line 12.
LaTeX Font Info:    Try loading font information for C19+tt on input line 18.

(D:\CTEX\CTeX\tex\latex\ctex\fd\c19tt.fd
File: c19tt.fd 2007/05/06 v0.8a ctex font definition file
)
Package CJKpunct Info: punctuation spaces for family 'zhfs' do not exist. Use f
amily 'def' instead. on input line 18.
LaTeX Font Info:    Font shape `OT1/pcr/bx/n' in size <10.54> not available
(Font)              Font shape `OT1/pcr/b/n' tried instead on input line 22.
) [16


]
(D:\杨文静\1-学位研究\10-课程学习\数理统计\数理统计笔记\paper_appendixC.tex)
[17


]

Package natbib Warning: There were undefined citations.

Package atveryend Info: Empty hook `BeforeClearDocument' on input line 83.
Package atveryend Info: Empty hook `AfterLastShipout' on input line 83.
(D:\杨文静\1-学位研究\10-课程学习\数理统计\数理统计笔记\paper.aux
(D:\杨文静\1-学位研究\10-课程学习\数理统计\数理统计笔记\paper_cabstract.aux)
(D:\杨文静\1-学位研究\10-课程学习\数理统计\数理统计笔记\paper_eabstract.aux)
(D:\杨文静\1-学位研究\10-课程学习\数理统计\数理统计笔记\paper_section1.aux)
(D:\杨文静\1-学位研究\10-课程学习\数理统计\数理统计笔记\paper_section2.aux)
(D:\杨文静\1-学位研究\10-课程学习\数理统计\数理统计笔记\paper_section3.aux)
(D:\杨文静\1-学位研究\10-课程学习\数理统计\数理统计笔记\paper_section4.aux)
(D:\杨文静\1-学位研究\10-课程学习\数理统计\数理统计笔记\paper_section5.aux)
(D:\杨文静\1-学位研究\10-课程学习\数理统计\数理统计笔记\paper_section6.aux)

Package natbib Warning: Citation(s) may have changed.
(natbib)                Rerun to get citations correct.

(D:\杨文静\1-学位研究\10-课程学习\数理统计\数理统计笔记\paper_appendixA.aux)
(D:\杨文静\1-学位研究\10-课程学习\数理统计\数理统计笔记\paper_appendixB.aux)
(D:\杨文静\1-学位研究\10-课程学习\数理统计\数理统计笔记\paper_appendixC.aux))
Package atveryend Info: Executing hook `AtVeryEndDocument' on input line 83.


Package rerunfilecheck Warning: File `paper.out' has changed.
(rerunfilecheck)                Rerun to get outlines right
(rerunfilecheck)                or use package `bookmark'.

Package rerunfilecheck Info: Checksums for `paper.out':
(rerunfilecheck)             Before: 16EE81B75CCD60DDFF6390A0396E9693;1905
(rerunfilecheck)             After:  5A955F6ACF746EF74B4EF1C8054F0FDB;1054.
 ) 
Here is how much of TeX's memory you used:
 20189 strings out of 495363
 364053 string characters out of 3184046
 453112 words of memory out of 3000000
 22745 multiletter control sequences out of 15000+200000
 74686 words of font info for 244 fonts, out of 3000000 for 9000
 14 hyphenation exceptions out of 8191
 50i,12n,53p,493b,1497s stack positions out of 5000i,500n,10000p,200000b,50000s

Output written on paper.dvi (18 pages, 100376 bytes).
