\BOOKMARK [1][-]{section.1}{\376\377\176\352\213\272}{}% 1
\BOOKMARK [2][-]{subsection.1.1}{\376\377\200\314\146\157\123\312\166\356\166\204}{section.1}% 2
\BOOKMARK [2][-]{subsection.1.2}{\376\377\126\375\121\205\131\026\166\370\121\163\170\024\172\166}{section.1}% 3
\BOOKMARK [2][-]{subsection.1.3}{\376\377\225\356\230\230\166\204\143\320\121\372}{section.1}% 4
\BOOKMARK [2][-]{subsection.1.4}{\376\377\213\272\145\207\147\204\142\020}{section.1}% 5
\BOOKMARK [1][-]{section.2}{\376\377\142\200\147\057\200\314\146\157}{}% 6
\BOOKMARK [2][-]{subsection.2.1}{\376\377\000\114\000\151\000\156\000\165\000\170\000\040\144\315\117\134\174\373\176\337}{section.2}% 7
\BOOKMARK [2][-]{subsection.2.2}{\376\377\121\205\150\070\152\041\127\127}{section.2}% 8
\BOOKMARK [2][-]{subsection.2.3}{\376\377\127\060\127\100\172\172\225\364\116\016\000\040\000\126\000\115\000\101}{section.2}% 9
\BOOKMARK [1][-]{section.3}{\376\377\176\323\147\204\116\016\155\101\172\013}{}% 10
\BOOKMARK [1][-]{section.4}{\376\377\213\276\213\241\116\016\133\236\163\260}{}% 11
\BOOKMARK [1][-]{section.5}{\376\377\140\047\200\375\155\113\213\325}{}% 12
\BOOKMARK [1][-]{section*.2}{\376\377\176\323\213\272}{}% 13
\BOOKMARK [1][-]{section*.3}{\376\377\201\364\214\042}{}% 14
\BOOKMARK [1][-]{section*.4}{\376\377\123\302\200\003\145\207\163\056}{}% 15
\BOOKMARK [1][-]{appendix.A}{\376\377\000\130\000\130\000\130\000\040\156\220\170\001\173\200\116\313}{}% 16
\BOOKMARK [1][-]{appendix.B}{\376\377\000\130\000\130\000\130\000\040\121\163\225\056\145\160\143\156\176\323\147\204\156\220\170\001}{}% 17
\BOOKMARK [2][-]{subsection.B.1}{\376\377\000\143\000\157\000\156\000\156\000\145\000\143\000\164\000\157\000\162}{appendix.B}% 18
\BOOKMARK [1][-]{appendix.C}{\376\377\000\130\000\130\000\130\000\040\166\204\117\177\165\050}{}% 19
\BOOKMARK [2][-]{subsection.C.1}{\376\377\177\026\213\321}{appendix.C}% 20
